<?xml version="1.0" encoding="UTF-8"?>
<!-- Generated by org.testng.reporters.JUnitReportReporter -->
<testsuite skipped="0" hostname="DESKTOP-Q496GAK" name="Marketing_Project.Market_TOU_FIle_and_AddPlan" tests="6" failures="0" timestamp="26 Apr 2021 06:31:54 GMT" time="167.925" errors="0">
  <testcase name="Import_TOU_Definition" time="35.765" classname="Marketing_Project.Market_TOU_FIle_and_AddPlan"/>
  <testcase name="Add_Simple_Plan" time="9.570" classname="Marketing_Project.Market_TOU_FIle_and_AddPlan"/>
  <testcase name="Add_planWith_NetworkRats" time="29.258" classname="Marketing_Project.Market_TOU_FIle_and_AddPlan"/>
  <testcase name="Add_PlanWith_RetailRates" time="46.810" classname="Marketing_Project.Market_TOU_FIle_and_AddPlan"/>
  <testcase name="Other_plan" time="21.515" classname="Marketing_Project.Market_TOU_FIle_and_AddPlan"/>
  <testcase name="Add_ProRated_Rates" time="25.007" classname="Marketing_Project.Market_TOU_FIle_and_AddPlan"/>
</testsuite> <!-- Marketing_Project.Market_TOU_FIle_and_AddPlan -->
