<?xml version="1.0" encoding="UTF-8"?>
<!-- Generated by org.testng.reporters.JUnitReportReporter -->
<testsuite skipped="0" hostname="DESKTOP-Q496GAK" name="Marketing_Project.Billrun_With_No_Cycle" tests="6" failures="0" timestamp="26 Apr 2021 06:31:54 GMT" time="346.677" errors="1">
  <testcase name="Add_Meter" time="31.498" classname="Marketing_Project.Billrun_With_No_Cycle"/>
  <testcase name="Add_Meter_Register" time="11.322" classname="Marketing_Project.Billrun_With_No_Cycle"/>
  <testcase name="Add_Meter_Reads" time="46.539" classname="Marketing_Project.Billrun_With_No_Cycle"/>
  <testcase name="Add_Metering_Commercial_Customer" time="89.620" classname="Marketing_Project.Billrun_With_No_Cycle"/>
  <testcase name="Add_Metering_Business_Customer" time="89.285" classname="Marketing_Project.Billrun_With_No_Cycle"/>
  <testcase name="Bill_Run_Without_Selecting_Cycle" time="78.413" classname="Marketing_Project.Billrun_With_No_Cycle">
    <error type="java.lang.NullPointerException">
      <![CDATA[java.lang.NullPointerException
at Re_Useable.Assertion_Test.Assertion_Process_All_Customers(Assertion_Test.java:325)
at Marketing_Project.Billrun_With_No_Cycle.Bill_Run_Without_Selecting_Cycle(Billrun_With_No_Cycle.java:834)
at sun.reflect.NativeMethodAccessorImpl.invoke0(Native Method)
at sun.reflect.NativeMethodAccessorImpl.invoke(NativeMethodAccessorImpl.java:62)
at sun.reflect.DelegatingMethodAccessorImpl.invoke(DelegatingMethodAccessorImpl.java:43)
at java.lang.reflect.Method.invoke(Method.java:498)
at org.testng.internal.MethodInvocationHelper.invokeMethod(MethodInvocationHelper.java:124)
at org.testng.internal.Invoker.invokeMethod(Invoker.java:583)
at org.testng.internal.Invoker.invokeTestMethod(Invoker.java:719)
at org.testng.internal.Invoker.invokeTestMethods(Invoker.java:989)
at org.testng.internal.TestMethodWorker.invokeTestMethods(TestMethodWorker.java:125)
at org.testng.internal.TestMethodWorker.run(TestMethodWorker.java:109)
at org.testng.TestRunner.privateRun(TestRunner.java:648)
at org.testng.TestRunner.run(TestRunner.java:505)
at org.testng.SuiteRunner.runTest(SuiteRunner.java:455)
at org.testng.SuiteRunner.runSequentially(SuiteRunner.java:450)
at org.testng.SuiteRunner.privateRun(SuiteRunner.java:415)
at org.testng.SuiteRunner.run(SuiteRunner.java:364)
at org.testng.SuiteRunnerWorker.runSuite(SuiteRunnerWorker.java:52)
at org.testng.SuiteRunnerWorker.run(SuiteRunnerWorker.java:84)
at org.testng.TestNG.runSuitesSequentially(TestNG.java:1208)
at org.testng.TestNG.runSuitesLocally(TestNG.java:1137)
at org.testng.TestNG.runSuites(TestNG.java:1049)
at org.testng.TestNG.run(TestNG.java:1017)
at org.testng.remote.AbstractRemoteTestNG.run(AbstractRemoteTestNG.java:114)
at org.testng.remote.RemoteTestNG.initAndRun(RemoteTestNG.java:251)
at org.testng.remote.RemoteTestNG.main(RemoteTestNG.java:77)
]]>
    </error>
  </testcase> <!-- Bill_Run_Without_Selecting_Cycle -->
</testsuite> <!-- Marketing_Project.Billrun_With_No_Cycle -->
