<?xml version="1.0" encoding="UTF-8"?>
<!-- Generated by org.testng.reporters.JUnitReportReporter -->
<testsuite skipped="0" hostname="DESKTOP-Q496GAK" name="Marketing_Project.Single_Customer_Bill_Run" tests="9" failures="0" timestamp="26 Apr 2021 06:31:54 GMT" time="250.749" errors="0">
  <testcase name="Add_Customer_and_Service" time="71.186" classname="Marketing_Project.Single_Customer_Bill_Run"/>
  <testcase name="Add_Meter" time="15.694" classname="Marketing_Project.Single_Customer_Bill_Run"/>
  <testcase name="Add_Meter_Register" time="10.326" classname="Marketing_Project.Single_Customer_Bill_Run"/>
  <testcase name="Add_Meter_Reads" time="45.214" classname="Marketing_Project.Single_Customer_Bill_Run"/>
  <testcase name="Add_BillRun_Cycle" time="24.195" classname="Marketing_Project.Single_Customer_Bill_Run"/>
  <testcase name="Bill_Run" time="22.498" classname="Marketing_Project.Single_Customer_Bill_Run"/>
  <testcase name="Full_Statement_Rollback" time="17.843" classname="Marketing_Project.Single_Customer_Bill_Run"/>
  <testcase name="Single_Customer_Rollback" time="38.591" classname="Marketing_Project.Single_Customer_Bill_Run"/>
  <testcase name="Check_Rebill_Button" time="5.202" classname="Marketing_Project.Single_Customer_Bill_Run"/>
</testsuite> <!-- Marketing_Project.Single_Customer_Bill_Run -->
