<?xml version="1.0" encoding="UTF-8"?>
<!-- Generated by org.testng.reporters.JUnitReportReporter -->
<testsuite skipped="0" hostname="DESKTOP-Q496GAK" name="Marketing_Project.Customer_Update" tests="6" failures="0" timestamp="26 Apr 2021 06:31:54 GMT" time="186.573" errors="0">
  <testcase name="Add_Customer" time="22.869" classname="Marketing_Project.Customer_Update"/>
  <testcase name="Add_Service_ND_Update" time="64.225" classname="Marketing_Project.Customer_Update"/>
  <testcase name="Add_Siteparamenter" time="17.095" classname="Marketing_Project.Customer_Update"/>
  <testcase name="AddSite_plan_fromService" time="48.534" classname="Marketing_Project.Customer_Update"/>
  <testcase name="Add_BillRun_Cycle" time="28.920" classname="Marketing_Project.Customer_Update"/>
  <testcase name="Edit_BillRUn" time="4.930" classname="Marketing_Project.Customer_Update"/>
</testsuite> <!-- Marketing_Project.Customer_Update -->
