<?xml version="1.0" encoding="UTF-8"?>
<!-- Generated by org.testng.reporters.JUnitReportReporter -->
<testsuite skipped="0" hostname="DESKTOP-Q496GAK" name="Marketing_Project.Two_Customers_Bill_Run" tests="12" failures="0" timestamp="26 Apr 2021 06:31:54 GMT" time="465.106" errors="0">
  <testcase name="Add_First_Customer_and_Service" time="73.271" classname="Marketing_Project.Two_Customers_Bill_Run"/>
  <testcase name="Add_Meter" time="16.986" classname="Marketing_Project.Two_Customers_Bill_Run"/>
  <testcase name="Add_Meter_Register" time="11.326" classname="Marketing_Project.Two_Customers_Bill_Run"/>
  <testcase name="Add_Meter_Reads" time="44.804" classname="Marketing_Project.Two_Customers_Bill_Run"/>
  <testcase name="Add_Second_Customer_and_Service" time="70.727" classname="Marketing_Project.Two_Customers_Bill_Run"/>
  <testcase name="Add_Metering_Second_Customer" time="82.733" classname="Marketing_Project.Two_Customers_Bill_Run"/>
  <testcase name="Add_BillRun_Cycle" time="33.985" classname="Marketing_Project.Two_Customers_Bill_Run"/>
  <testcase name="Bill_Run" time="23.825" classname="Marketing_Project.Two_Customers_Bill_Run"/>
  <testcase name="Full_Statement_Rollback" time="7.796" classname="Marketing_Project.Two_Customers_Bill_Run"/>
  <testcase name="Single_Customer_Rollback" time="48.225" classname="Marketing_Project.Two_Customers_Bill_Run"/>
  <testcase name="Rebill_and_Reuse_Statement" time="20.434" classname="Marketing_Project.Two_Customers_Bill_Run"/>
  <testcase name="Rebill_with_new_Statement" time="30.994" classname="Marketing_Project.Two_Customers_Bill_Run"/>
</testsuite> <!-- Marketing_Project.Two_Customers_Bill_Run -->
