<?xml version="1.0" encoding="UTF-8"?>
<!-- Generated by org.testng.reporters.JUnitReportReporter -->
<testsuite skipped="0" hostname="DESKTOP-Q496GAK" name="Marketing_Project.Large_Bill_Run" tests="14" failures="0" timestamp="26 Apr 2021 06:31:54 GMT" time="621.691" errors="0">
  <testcase name="Add_First_Customer_and_Service" time="72.699" classname="Marketing_Project.Large_Bill_Run"/>
  <testcase name="Add_Meter" time="16.170" classname="Marketing_Project.Large_Bill_Run"/>
  <testcase name="Add_Meter_Register" time="11.185" classname="Marketing_Project.Large_Bill_Run"/>
  <testcase name="Add_Meter_Reads" time="45.721" classname="Marketing_Project.Large_Bill_Run"/>
  <testcase name="Add_Second_Customer_and_Service" time="70.922" classname="Marketing_Project.Large_Bill_Run"/>
  <testcase name="Add_Metering_Second_Customer" time="80.948" classname="Marketing_Project.Large_Bill_Run"/>
  <testcase name="Add_Third_Customer_and_Service" time="71.202" classname="Marketing_Project.Large_Bill_Run"/>
  <testcase name="Add_Metering_Third_Customer" time="81.381" classname="Marketing_Project.Large_Bill_Run"/>
  <testcase name="Add_BillRun_Cycle" time="40.270" classname="Marketing_Project.Large_Bill_Run"/>
  <testcase name="Bill_Run" time="23.947" classname="Marketing_Project.Large_Bill_Run"/>
  <testcase name="Full_Statement_Rollback" time="7.925" classname="Marketing_Project.Large_Bill_Run"/>
  <testcase name="Single_Customer_Rollback" time="48.597" classname="Marketing_Project.Large_Bill_Run"/>
  <testcase name="Rebill_and_Reuse_Statement" time="20.496" classname="Marketing_Project.Large_Bill_Run"/>
  <testcase name="Rebill_with_new_Statement" time="30.228" classname="Marketing_Project.Large_Bill_Run"/>
</testsuite> <!-- Marketing_Project.Large_Bill_Run -->
